Sat Nov 24 2018 16:59:36 GMT+0000 (GMT Standard Time) GET /about
Sat Nov 24 2018 16:59:47 GMT+0000 (GMT Standard Time) GET /home
Sat Nov 24 2018 17:00:31 GMT+0000 (GMT Standard Time) GET /go
Sat Nov 24 2018 17:05:55 GMT+0000 (GMT Standard Time) GET /go
Sat Nov 24 2018 17:06:15 GMT+0000 (GMT Standard Time) GET /go
Sat Nov 24 2018 17:06:43 GMT+0000 (GMT Standard Time) GET /about
Sat Nov 24 2018 17:08:35 GMT+0000 (GMT Standard Time) GET /
Sat Nov 24 2018 17:08:43 GMT+0000 (GMT Standard Time) GET /home
Sat Nov 24 2018 17:09:27 GMT+0000 (GMT Standard Time) GET /home
Sat Nov 24 2018 17:11:11 GMT+0000 (GMT Standard Time) GET /
Sat Nov 24 2018 17:11:53 GMT+0000 (GMT Standard Time) GET /
Sat Nov 24 2018 17:13:38 GMT+0000 (GMT Standard Time) GET /help.html
Sun Nov 25 2018 15:19:07 GMT+0000 (GMT Standard Time) GET /
Sun Nov 25 2018 15:46:58 GMT+0000 (GMT Standard Time) GET /
Sun Nov 25 2018 15:47:04 GMT+0000 (GMT Standard Time) GET /projects
Sun Nov 25 2018 15:47:45 GMT+0000 (GMT Standard Time) GET /about
Sun Nov 25 2018 15:47:48 GMT+0000 (GMT Standard Time) GET /
Sun Nov 25 2018 15:47:51 GMT+0000 (GMT Standard Time) GET /projects
Sun Nov 25 2018 15:48:08 GMT+0000 (GMT Standard Time) GET /
Sun Nov 25 2018 15:48:21 GMT+0000 (GMT Standard Time) GET /help.html
Sun Nov 25 2018 15:49:06 GMT+0000 (GMT Standard Time) GET /
Sun Nov 25 2018 15:49:09 GMT+0000 (GMT Standard Time) GET /about
Sun Nov 25 2018 15:49:11 GMT+0000 (GMT Standard Time) GET /projects
Sun Nov 25 2018 15:49:53 GMT+0000 (GMT Standard Time) GET /
Sun Nov 25 2018 15:49:54 GMT+0000 (GMT Standard Time) GET /projects
Sun Nov 25 2018 15:49:58 GMT+0000 (GMT Standard Time) GET /projects
Sun Nov 25 2018 15:50:19 GMT+0000 (GMT Standard Time) GET /projects
Sun Nov 25 2018 15:50:23 GMT+0000 (GMT Standard Time) GET /
Sun Nov 25 2018 15:50:51 GMT+0000 (GMT Standard Time) GET /
Sun Nov 25 2018 15:50:53 GMT+0000 (GMT Standard Time) GET /projects
Sun Nov 25 2018 15:50:54 GMT+0000 (GMT Standard Time) GET /
